there is  369 colums (counting sample id)
(12500,)
(12500, 369)
(12500,)
(12500, 369)
(12500,)
(12500, 369)
(12500,)
(12500, 369)
(12500,)
(12500, 369)
(12500,)
(12500, 369)
(12500,)
(12500, 369)
(12500,)
(12500, 369)
(12500,)
(12500, 369)
(12500,)
(12500, 369)
(12500,)
(12500, 369)
(12500,)
(12500, 369)
(12500,)
(12500, 369)
(12500,)
(12500, 369)
(12500,)
(12500, 369)
(12500,)
(12500, 369)
(12500,)
(12500, 369)
(12500,)
(12500, 369)
(12500,)
(12500, 369)
(12500,)
(12500, 369)
(12500,)
(12500, 369)
(12500,)
(12500, 369)
(12500,)
(12500, 369)
(12500,)
(12500, 369)
(12500,)
(12500, 369)
(12500,)
(12500, 369)
(12500,)
(12500, 369)
(12500,)
(12500, 369)
(12500,)
(12500, 369)
(12500,)
(12500, 369)
(12500,)
(12500, 369)
(12500,)
(12500, 369)
(12500,)
(12500, 369)
(12500,)
(12500, 369)
(12500,)
(12500, 369)
(12500,)
(12500, 369)
(12500,)
(12500, 369)
(12500,)
(12500, 369)
(12500,)
(12500, 369)
(12500,)
(12500, 369)
(12500,)
(12500, 369)
(12500,)
(12500, 369)
(12500,)
(12500, 369)
(12500,)
(12500, 369)
(12500,)
(12500, 369)
(12500,)
(12500, 369)
(12500,)
(12500, 369)
(12500,)
(12500, 369)
(12500,)
(12500, 369)
(12500,)
(12500, 369)
(625000, 369)
Mon Jun 17 05:03:11 PM CEST 2024
