rank =  5
n_samples =  210240 (1 sample = 1 snapshot = 1 file here)
argument list ['prepro_all_data.py']
found  35040  nc files from  175200  to  210240  and put  438  of them in each npy file for node  5
preprocessing all data
loading  876 files  (input + output):   1 / 80
loading  took 512.5908961296082 s
make mlo variales: ptend_t and ptend_q0001
computing stats
little mean of state_t =  [219.19735785 231.10064775 239.42737544 248.96993407 257.46907129
 260.92854563 256.80876596 248.21035294 238.48617079 231.66660637
 226.26585135 221.92207173 217.82832004 214.32496874 210.53753017
 206.56219911 202.32060509 199.90092835 199.16833665 201.08775721
 203.44848313 206.40839463 209.9185456  213.68490925 217.47683375
 221.2513126  224.93726739 228.53170772 232.02600032 235.43261731
 238.74965287 241.99077635 245.14684362 248.20844574 251.16450087
 254.00256495 256.71372912 259.28941921 261.70892728 263.96028067
 266.02921681 267.91525237 269.62535276 271.16675892 272.56060333
 273.8453922  275.0668607  276.23345606 277.33812213 278.37232332
 279.33937454 280.25209152 281.1310626  281.99256758 282.85006959
 283.70747981 284.56256294 285.42454077 286.30192998 287.18726939]
stack and save as npy
input shape   (168192, 556)
output shpae  (168192, 368)
loading  took 542.3143298625946 s
make mlo variales: ptend_t and ptend_q0001
loading  took 562.6251480579376 s
make mlo variales: ptend_t and ptend_q0001
computing stats
computing stats
little mean of state_t =  [211.14736343 223.75581814 234.62249222 246.67570471 255.53304411
 258.70465342 254.1703675  245.39461514 235.54870331 228.82284944
 223.73774466 219.82684703 216.24505245 213.22414343 210.14639767
 207.05002128 202.95401353 200.0097796  199.6995819  202.06949725
 204.87439575 208.21521549 211.74753835 215.53303727 219.3752122
 223.30109376 227.1582435  230.9167201  234.54547181 238.06103747
 241.46910296 244.79159519 248.01503149 251.13066232 254.12477059
 256.98899252 259.72645758 262.33139692 264.79190665 267.0779392
 269.1711724  271.08964753 272.85562774 274.46937026 275.93423154
 277.27461762 278.50576262 279.66850155 280.77896357 281.82811485
 282.81098981 283.7355536  284.61924797 285.4770656  286.31643738
 287.1393619  287.95377723 288.7820455  289.60632173 290.47245461]
stack and save as npy
little mean of state_t =  [217.91391167 230.64310731 239.12766032 248.46899377 256.76465798
 260.16682646 256.29481283 247.75390106 237.95153533 231.17720186
 225.74951883 221.45910383 217.42351677 214.01429435 210.42559757
 206.75132645 202.58390681 199.76561259 199.40749236 201.33429824
 203.97746031 207.03067758 210.57243982 214.32266346 218.11114764
 221.88837423 225.5776212  229.15033506 232.59789053 235.94003555
 239.17668877 242.32392216 245.37772349 248.33916329 251.2045914
 253.97389287 256.63664522 259.17360941 261.56517285 263.79295234
 265.82814469 267.66818927 269.31874602 270.80566459 272.15594495
 273.40602126 274.58725686 275.71374668 276.78141571 277.78789416
 278.73036018 279.61902755 280.47109319 281.30620584 282.13833285
 282.98076136 283.83287832 284.68373573 285.5370557  286.41071868]
stack and save as npy
input shape   (168192, 556)
output shpae  (168192, 368)
input shape   (168192, 556)
output shpae  (168192, 368)
global mean of state_t =  [215.24761733 227.47618291 237.04549586 247.64077482 256.00113931
 259.21360799 255.0439042  246.48188381 236.79297411 230.11474139
 224.94823481 220.87010186 217.10001453 213.92649803 210.60621917
 207.1661967  202.98678158 200.13947749 199.28369831 201.31356736
 203.75609458 206.94917924 210.47427641 214.28561685 218.11314723
 221.98089467 225.76933619 229.47240656 233.06115008 236.55080557
 239.93559183 243.23482104 246.44088146 249.54852806 252.54193799
 255.41162208 258.15074765 260.74599381 263.18037201 265.43389984
 267.4987914  269.38472033 271.10758516 272.6822872  274.12628151
 275.46488118 276.71395579 277.89068033 278.99858866 280.03952906
 281.01661787 281.94021785 282.82629106 283.69146071 284.54795249
 285.40371098 286.25317305 287.1144035  287.97532666 288.87071895]
(556,)
mean and var saved
Tue Jun 18 11:09:09 AM CEST 2024
global mean of state_t =  [214.87689109 227.21510016 236.83142539 247.62387892 255.97982248
 259.22562226 255.02968952 246.43181572 236.69202171 229.99489675
 224.80163984 220.71701572 216.94557676 213.78028866 210.4818888
 207.05658407 202.84702714 200.04260783 199.32145385 201.22645144
 203.71245956 206.92287562 210.46998007 214.29158357 218.12595995
 221.99111748 225.76866216 229.45640286 233.02920143 236.50465537
 239.87535701 243.15992782 246.35045112 249.44126688 252.41880702
 255.27541733 258.00450132 260.59338391 263.02683418 265.28759444
 267.35884126 269.24378716 270.95699723 272.51644588 273.94456105
 275.26714165 276.50986735 277.685572   278.79552243 279.83859652
 280.81603396 281.73775903 282.62042657 283.48075125 284.33000603
 285.17742716 286.0244253  286.88192251 287.7349429  288.61758792]
(556,)
mean and var saved
Tue Jun 18 11:09:22 AM CEST 2024
global mean of state_t =  [216.30487347 228.68673846 237.79218927 248.12122654 256.4108571
 259.72770793 255.62466918 247.04034646 237.28948709 230.54668038
 225.24566683 221.05073941 217.15524144 213.87538752 210.44986844
 206.87541298 202.65883877 200.02927705 199.49352766 201.40058613
 203.95750019 207.09242933 210.61357593 214.37228615 218.16380864
 221.97894066 225.71664349 229.36378169 232.89573191 236.32571937
 239.64946047 242.88680272 246.03372708 249.08545465 252.0288975
 254.85444184 257.55475768 260.11629069 262.52311951 264.75627942
 266.8046565  268.66712767 270.3553756  271.88640843 273.28738558
 274.58981559 275.81650463 276.97954939 278.07998276 279.11337282
 280.08165693 280.99469949 281.86807952 282.71949044 283.56462898
 284.41235246 285.26409657 286.12442075 286.98547214 287.87465569]
(556,)
mean and var saved
Tue Jun 18 11:09:48 AM CEST 2024
loading  took 811.3498072624207 s
make mlo variales: ptend_t and ptend_q0001
computing stats
little mean of state_t =  [214.55447617 227.63949    237.86076647 248.44184687 256.73817915
 260.15979224 255.88217928 247.138865   237.31405926 230.61875057
 225.34255135 221.2063206  217.35385249 214.15634338 210.8757719
 207.47275526 203.33061243 200.22755573 199.27731761 200.59742715
 202.81724504 205.75672371 209.22536744 212.94361479 216.75503073
 220.56456862 224.30479746 227.94795385 231.47962836 234.90962679
 238.23772414 241.47665881 244.61759743 247.65731645 250.59378734
 253.42291857 256.13264782 258.70989296 261.12999996 263.37078961
 265.41642149 267.26180801 268.92863286 270.44150927 271.82302316
 273.11051899 274.32338665 275.47387399 276.56136885 277.5846739
 278.54074791 279.44144927 280.30303401 281.1451131  281.98102451
 282.8250937  283.68699984 284.56437203 285.44638673 286.35417745]
stack and save as npy
loading  took 801.3597602844238 s
make mlo variales: ptend_t and ptend_q0001
computing stats
input shape   (168192, 556)
output shpae  (168192, 368)
little mean of state_t =  [215.64831883 227.75398312 237.40801724 247.99264464 256.12585009
 259.07036976 254.91796387 246.56640061 237.13982125 230.59468648
 225.51615136 221.46483252 217.72543769 214.54167571 211.08940149
 207.36115993 202.76801804 199.45365328 197.91108763 200.07286287
 202.14859005 205.40125041 208.89458708 212.79428009 216.65245773
 220.57837493 224.40670213 228.16404449 231.81282106 235.37694818
 238.83883717 242.21174047 245.48804216 248.67025855 251.74739481
 254.70307704 257.51716873 260.18039371 262.67073938 264.9780175
 267.09325089 269.02143447 270.77912511 272.39465563 273.8877595
 275.2784394  276.58796775 277.82197736 278.98175343 280.06247415
 281.07367257 282.02733949 282.93854363 283.82392423 284.69967955
 285.57281121 286.43582709 287.30178087 288.15158822 289.03949093]
stack and save as npy
input shape   (168192, 556)
output shpae  (168192, 368)
global mean of state_t =  [215.53936215 227.84513839 237.32109513 247.92297414 256.24592748
 259.4580573  255.23575285 246.64441151 236.9177261  230.21978291
 225.01994318 220.91113225 217.11059846 213.91498328 210.57293962
 207.11768882 202.97504456 200.12137034 199.31569064 201.22849364
 203.67538727 206.81734686 210.34314357 214.13610447 217.95602335
 221.80729988 225.58232912 229.27003698 232.84491512 236.3192249
 239.68828394 242.97065262 246.16015822 249.25019035 252.22567156
 255.07847809 257.8051768  260.39348811 262.8247237  265.07985481
 267.14661926 269.02889918 270.74249727 272.30714803 273.74471407
 275.08119287 276.33527738 277.51760506 278.63133927 279.67588848
 280.6534073  281.5751741  282.4567341  283.31589726 284.16655128
 285.01829137 285.86902067 286.72534094 287.58352482 288.47402298]
(556,)
mean and var saved
Tue Jun 18 11:12:56 AM CEST 2024
global mean of state_t =  [215.89313883 228.0331284  237.36917605 247.99248675 256.29960273
 259.55962305 255.3440565  246.76657923 237.05323181 230.34049402
 225.12798285 220.99999428 217.17956684 213.96300218 210.59979562
 207.09269024 202.82577203 199.9745005  199.07917185 201.10382523
 203.54679267 206.75146499 210.29063196 214.10992537 217.93515249
 221.7919164  225.5618111  229.24322553 232.81092715 236.28208262
 239.64969415 242.93390597 246.12741787 249.22493117 252.21066583
 255.07242402 257.80230876 260.3905511  262.82430006 265.08756856
 267.16423547 269.05567608 270.77302476 272.33663919 273.77090853
 275.10296265 276.35431698 277.53634107 278.65204222 279.6990312
 280.68097856 281.60847546 282.49640743 283.36142017 284.21923518
 285.07880616 285.93683513 286.80242619 287.66343194 288.54697874]
(556,)
mean and var saved
Tue Jun 18 11:13:19 AM CEST 2024
loading  took 803.9569866657257 s
make mlo variales: ptend_t and ptend_q0001
computing stats
little mean of state_t =  [216.85742783 230.21803407 238.48038942 248.12532837 256.35960893
 259.62774596 255.96872262 247.48131448 237.70718451 230.92122381
 225.41255691 221.03019843 216.92683625 213.47151578 209.86018368
 206.04432702 201.82536676 199.76195877 199.77005755 201.35128023
 203.9367063  206.91956081 210.42839023 214.1508605  217.94728527
 221.72023664 225.40928655 228.99197702 232.46472336 235.83579348
 239.09912    242.27280452 245.36180152 248.35808994 251.24581586
 254.0092012  256.63840666 259.1224482  261.45493854 263.63303471
 265.63686017 267.45455259 269.08841123 270.55082055 271.87360639
 273.10864253 274.28263261 275.4046117  276.46628524 277.46662136
 278.40907906 279.2963282  280.14477251 280.9679682  281.78265138
 282.60399126 283.44216535 284.29216471 285.1497803  286.04846207]
stack and save as npy
input shape   (168192, 556)
output shpae  (168192, 368)
global mean of state_t =  [215.72728609 228.0562004  237.39392768 247.92656803 256.1613558
 259.30399721 255.18485978 246.65566727 236.95218797 230.25342936
 225.02088304 220.88261109 217.04414864 213.80542916 210.42538324
 206.90979321 202.69489995 199.98186094 199.36342029 201.32232016
 203.83428134 207.00578549 210.53051534 214.31595026 218.11531325
 221.94037026 225.6893294  229.3550917  232.90958934 236.36675661
 239.72009642 242.98760809 246.16220937 249.2425118  252.21477413
 255.06513726 257.78361119 260.35901466 262.77420214 265.01465545
 267.06888173 268.94345057 270.64756043 272.19799453 273.61852258
 274.93622365 276.17390968 277.34568589 278.4509828  279.48849017
 280.46008566 281.37665574 282.25442841 283.1098047  283.95723261
 284.80600514 285.65566609 286.51451008 287.37097723 288.25808676]
(556,)
mean and var saved
Tue Jun 18 11:14:08 AM CEST 2024
